

Started GET "/" for 127.0.0.1 at 2014-09-16 15:02:35 +0200
Processing by Rails::WelcomeController#index as HTML
  Rendered /Users/jeanelie/.rvm/gems/ruby-2.1.2/gems/railties-4.1.1/lib/rails/templates/rails/welcome/index.html.erb (1.6ms)
Completed 200 OK in 16ms (Views: 7.9ms | ActiveRecord: 0.0ms)


Started GET "/" for 127.0.0.1 at 2014-09-16 15:27:27 +0200
Processing by Rails::WelcomeController#index as HTML
  Rendered /Users/jeanelie/.rvm/gems/ruby-2.1.2/gems/railties-4.1.1/lib/rails/templates/rails/welcome/index.html.erb (1.1ms)
Completed 200 OK in 12ms (Views: 4.7ms | ActiveRecord: 0.0ms)
  [1m[36mActiveRecord::SchemaMigration Load (0.4ms)[0m  [1mSELECT "schema_migrations".* FROM "schema_migrations"[0m
Migrating to CreateSmallAds (20140916135124)
  [1m[35m (0.2ms)[0m  BEGIN
  [1m[36m (9.0ms)[0m  [1mCREATE TABLE "small_ads" ("id" serial primary key, "name" character varying(255), "category_id" integer, "price" integer, "created_at" timestamp, "updated_at" timestamp) [0m
PG::DuplicateTable: ERROR:  relation "small_ads" already exists
: CREATE TABLE "small_ads" ("id" serial primary key, "name" character varying(255), "category_id" integer, "price" integer, "created_at" timestamp, "updated_at" timestamp) 
  [1m[35m (0.1ms)[0m  ROLLBACK
  [1m[36mActiveRecord::SchemaMigration Load (0.4ms)[0m  [1mSELECT "schema_migrations".* FROM "schema_migrations"[0m
Migrating to CreateSmallAds (20140916135124)
  [1m[35m (0.1ms)[0m  BEGIN
  [1m[36m (1.8ms)[0m  [1mCREATE TABLE "small_ads" ("id" serial primary key, "name" character varying(255), "category_id" integer, "price" integer, "created_at" timestamp, "updated_at" timestamp) [0m
PG::DuplicateTable: ERROR:  relation "small_ads" already exists
: CREATE TABLE "small_ads" ("id" serial primary key, "name" character varying(255), "category_id" integer, "price" integer, "created_at" timestamp, "updated_at" timestamp) 
  [1m[35m (0.1ms)[0m  ROLLBACK
  [1m[36m (1.9ms)[0m  [1mCREATE TABLE "schema_migrations" ("version" character varying(255) NOT NULL) [0m
  [1m[35m (1.2ms)[0m  CREATE UNIQUE INDEX  "unique_schema_migrations" ON "schema_migrations"  ("version")
  [1m[36mActiveRecord::SchemaMigration Load (0.2ms)[0m  [1mSELECT "schema_migrations".* FROM "schema_migrations"[0m
Migrating to CreateSmallAds (20140916135124)
  [1m[35m (0.1ms)[0m  BEGIN
  [1m[36m (2.2ms)[0m  [1mCREATE TABLE "small_ads" ("id" serial primary key, "name" character varying(255), "category_id" integer, "price" integer, "created_at" timestamp, "updated_at" timestamp) [0m
  [1m[35mSQL (6.2ms)[0m  INSERT INTO "schema_migrations" ("version") VALUES ($1)  [["version", "20140916135124"]]
  [1m[36m (6.4ms)[0m  [1mCOMMIT[0m
  [1m[35mActiveRecord::SchemaMigration Load (0.2ms)[0m  SELECT "schema_migrations".* FROM "schema_migrations"


Started GET "/" for 127.0.0.1 at 2014-09-16 15:53:27 +0200
  [1m[36mActiveRecord::SchemaMigration Load (0.3ms)[0m  [1mSELECT "schema_migrations".* FROM "schema_migrations"[0m
Processing by Rails::WelcomeController#index as HTML
  Rendered /Users/jeanelie/.rvm/gems/ruby-2.1.2/gems/railties-4.1.1/lib/rails/templates/rails/welcome/index.html.erb (3.3ms)
Completed 200 OK in 22ms (Views: 13.3ms | ActiveRecord: 0.0ms)


Started GET "/" for 127.0.0.1 at 2014-09-16 15:53:29 +0200
Processing by Rails::WelcomeController#index as HTML
  Rendered /Users/jeanelie/.rvm/gems/ruby-2.1.2/gems/railties-4.1.1/lib/rails/templates/rails/welcome/index.html.erb (0.0ms)
Completed 200 OK in 1ms (Views: 0.8ms | ActiveRecord: 0.0ms)


Started GET "/" for 127.0.0.1 at 2014-09-16 15:53:30 +0200
Processing by Rails::WelcomeController#index as HTML
  Rendered /Users/jeanelie/.rvm/gems/ruby-2.1.2/gems/railties-4.1.1/lib/rails/templates/rails/welcome/index.html.erb (0.0ms)
Completed 200 OK in 1ms (Views: 0.7ms | ActiveRecord: 0.0ms)
  [1m[36m (1.7ms)[0m  [1mCREATE TABLE "schema_migrations" ("version" character varying(255) NOT NULL) [0m
  [1m[35m (1.1ms)[0m  CREATE UNIQUE INDEX  "unique_schema_migrations" ON "schema_migrations"  ("version")
  [1m[36mActiveRecord::SchemaMigration Load (0.2ms)[0m  [1mSELECT "schema_migrations".* FROM "schema_migrations"[0m
Migrating to CreateSmallAds (20140916135124)
  [1m[35m (0.1ms)[0m  BEGIN
  [1m[36m (2.3ms)[0m  [1mCREATE TABLE "small_ads" ("id" serial primary key, "name" character varying(255), "category_id" integer, "price" integer, "created_at" timestamp, "updated_at" timestamp) [0m
  [1m[35mSQL (0.3ms)[0m  INSERT INTO "schema_migrations" ("version") VALUES ($1)  [["version", "20140916135124"]]
  [1m[36m (0.3ms)[0m  [1mCOMMIT[0m
  [1m[35mActiveRecord::SchemaMigration Load (0.2ms)[0m  SELECT "schema_migrations".* FROM "schema_migrations"


Started GET "/" for 127.0.0.1 at 2014-09-16 15:55:14 +0200
  [1m[36mActiveRecord::SchemaMigration Load (0.3ms)[0m  [1mSELECT "schema_migrations".* FROM "schema_migrations"[0m
Processing by Rails::WelcomeController#index as HTML
  Rendered /Users/jeanelie/.rvm/gems/ruby-2.1.2/gems/railties-4.1.1/lib/rails/templates/rails/welcome/index.html.erb (1.3ms)
Completed 200 OK in 13ms (Views: 5.1ms | ActiveRecord: 0.0ms)


Started GET "/" for 127.0.0.1 at 2014-09-16 15:55:16 +0200
Processing by Rails::WelcomeController#index as HTML
  Rendered /Users/jeanelie/.rvm/gems/ruby-2.1.2/gems/railties-4.1.1/lib/rails/templates/rails/welcome/index.html.erb (0.0ms)
Completed 200 OK in 1ms (Views: 0.8ms | ActiveRecord: 0.0ms)


Started GET "/small_ads" for 127.0.0.1 at 2014-09-16 15:55:32 +0200
Processing by SmallAdsController#index as HTML
  [1m[35mSmallAd Load (0.5ms)[0m  SELECT "small_ads".* FROM "small_ads"
  Rendered small_ads/index.html.erb within layouts/application (1.8ms)
Completed 200 OK in 518ms (Views: 515.1ms | ActiveRecord: 0.5ms)


Started GET "/assets/scaffolds.css?body=1" for 127.0.0.1 at 2014-09-16 15:55:32 +0200


Started GET "/assets/small_ads.css?body=1" for 127.0.0.1 at 2014-09-16 15:55:32 +0200


Started GET "/assets/application.css?body=1" for 127.0.0.1 at 2014-09-16 15:55:32 +0200


Started GET "/assets/jquery.js?body=1" for 127.0.0.1 at 2014-09-16 15:55:32 +0200


Started GET "/assets/jquery_ujs.js?body=1" for 127.0.0.1 at 2014-09-16 15:55:32 +0200


Started GET "/assets/turbolinks.js?body=1" for 127.0.0.1 at 2014-09-16 15:55:32 +0200


Started GET "/assets/application.js?body=1" for 127.0.0.1 at 2014-09-16 15:55:32 +0200


Started GET "/small_ads" for 127.0.0.1 at 2014-09-16 15:56:47 +0200
Processing by SmallAdsController#index as HTML
  [1m[36mSmallAd Load (0.2ms)[0m  [1mSELECT "small_ads".* FROM "small_ads"[0m
  Rendered small_ads/index.html.erb within layouts/application (1.0ms)
Completed 200 OK in 40ms (Views: 38.7ms | ActiveRecord: 0.2ms)


Started GET "/assets/small_ads.css?body=1" for 127.0.0.1 at 2014-09-16 15:56:47 +0200


Started GET "/assets/application.css?body=1" for 127.0.0.1 at 2014-09-16 15:56:47 +0200


Started GET "/assets/turbolinks.js?body=1" for 127.0.0.1 at 2014-09-16 15:56:47 +0200


Started GET "/assets/scaffolds.css?body=1" for 127.0.0.1 at 2014-09-16 15:56:47 +0200


Started GET "/assets/jquery_ujs.js?body=1" for 127.0.0.1 at 2014-09-16 15:56:47 +0200


Started GET "/assets/jquery.js?body=1" for 127.0.0.1 at 2014-09-16 15:56:47 +0200


Started GET "/assets/application.js?body=1" for 127.0.0.1 at 2014-09-16 15:56:47 +0200
